<?xml version="1.0" encoding="UTF-8"?>
<!-- Generated by org.testng.reporters.JUnitReportReporter -->
<testsuite hostname="DESKTOP-CRNK7O3" failures="0" tests="2" name="testRunners.TestRunner12" time="0.514" errors="0" timestamp="2021-07-24T21:38:42 IST" skipped="0">
  <testcase classname="testRunners.TestRunner12" name="runScenario" time="0.160"/>
  <system-out/>
  <testcase classname="testRunners.TestRunner12" name="runScenario" time="0.354"/>
  <system-out/>
</testsuite> <!-- testRunners.TestRunner12 -->
